<?xml version="1.0" encoding="UTF-8"?>
<testng-results ignored="0" total="1" passed="1" failed="0" skipped="0">
  <reporter-output>
  </reporter-output>
  <suite started-at="2024-12-30T11:23:13 WET" name="Surefire suite" finished-at="2024-12-30T11:23:31 WET" duration-ms="17849">
    <groups>
    </groups>
    <test started-at="2024-12-30T11:23:13 WET" name="Surefire test" finished-at="2024-12-30T11:23:31 WET" duration-ms="17849">
      <class name="com.automation.tests.InternetCoverageTest">
        <test-method is-config="true" signature="setUpTest()[pri:0, instance:com.automation.tests.InternetCoverageTest@37918c79]" started-at="2024-12-30T11:23:13 WET" name="setUpTest" finished-at="2024-12-30T11:23:24 WET" duration-ms="10634" status="PASS">
          <reporter-output>
          </reporter-output>
        </test-method> <!-- setUpTest -->
        <test-method signature="testInternetCoverage()[pri:0, instance:com.automation.tests.InternetCoverageTest@37918c79]" started-at="2024-12-30T11:23:24 WET" name="testInternetCoverage" finished-at="2024-12-30T11:23:31 WET" duration-ms="6997" status="PASS">
          <reporter-output>
          </reporter-output>
        </test-method> <!-- testInternetCoverage -->
        <test-method is-config="true" signature="tearDownTest()[pri:0, instance:com.automation.tests.InternetCoverageTest@37918c79]" started-at="2024-12-30T11:23:31 WET" name="tearDownTest" finished-at="2024-12-30T11:23:31 WET" duration-ms="187" status="PASS">
          <reporter-output>
          </reporter-output>
        </test-method> <!-- tearDownTest -->
      </class> <!-- com.automation.tests.InternetCoverageTest -->
    </test> <!-- Surefire test -->
  </suite> <!-- Surefire suite -->
</testng-results>
